
D:\Tom Gibson\tiny-c-master>entropya.exe -num 10 -noentropy

entropya.c - tct - 6/12/16
usage: entropya -noentropy -num n

Current time is Thu Oct 24 05:43:24 2019

8731 6 1897 7 4190 6 4317 5 0142 4 1490 4 6130 5 8517 6 4521 5 0574 7

Current time is Thu Oct 24 05:43:24 2019

1 0
2 0
3 0
4 2
5 3
6 3
7 2
8 0
9 0

Average number of tries : 5.500.
Standard deviation : 1.080.

D:\Tom Gibson\tiny-c-master>entropya.exe -num 10

entropya.c - tct - 6/12/16
usage: entropya -noentropy -num n

Current time is Thu Oct 24 05:43:37 2019

8912 4 5386 5 1953 6 1408 5 7049 3 2396 5 9317 5 2769 3 3561 6 6809 7

Current time is Thu Oct 24 05:44:16 2019

1 0
2 0
3 2
4 1
5 4
6 2
7 1
8 0
9 0

Average number of tries : 4.900.
Standard deviation : 1.287.

D:\Tom Gibson\tiny-c-master>`
