***  TINY-C VERSION 1.0,  COPYRIGHT 1977, T A GIBSON  ***
        This C version copyright 2017, T A Gibson

ssort.tc - 7/3/20 - lrb

number of elements to sort :  200

random integer :  3141

before sort

 35 43 85 14 74 69 27 56 0 55 10 38 54 41 63 96 95 60 54 10
 58 46 7 72 88 20 90 66 1 86 35 92 83 16 93 46 54 82 67 60
 87 27 57 2 49 50 8 4 51 36 30 93 53 50 0 19 48 56 89 73
 58 18 7 7 55 76 98 57 34 66 52 80 27 56 1 90 26 70 3 15
 51 88 26 22 38 90 99 27 72 27 21 30 78 38 44 11 20 87 89 85
 50 69 27 87 31 24 62 86 50 34 99 87 35 52 65 29 73 93 27 87
 51 43 49 74 81 66 11 87 7 20 81 10 62 69 23 75 99 99 49 34
 50 66 28 0 92 48 97 53 50 41 95 36 12 19 14 38 74 18 84 31
 19 56 18 38 54 93 31 20 95 83 77 73 45 74 3 79 71 7 25 17
 26 78 95 71 23 99 21 61 81 5 52 8 92 84 73 66 22 17 15 64

start time: 2020-07-25 09:28:14

end time: 2020-07-25 09:28:15

after sort

 0 0 0 1 1 2 3 3 4 5 7 7 7 7 7 8 8 10 10 10
 11 11 12 14 14 15 15 16 17 17 18 18 18 19 19 19 20 20 20 20
 21 21 22 22 23 23 24 25 26 26 26 27 27 27 27 27 27 27 28 29
 30 30 31 31 31 34 34 34 35 35 35 36 36 38 38 38 38 38 41 41
 43 43 44 45 46 46 48 48 49 49 49 50 50 50 50 50 50 51 51 51
 52 52 52 53 53 54 54 54 54 55 55 56 56 56 56 57 57 58 58 60
 60 61 62 62 63 64 65 66 66 66 66 66 67 69 69 69 70 71 71 72
 72 73 73 73 73 74 74 74 74 75 76 77 78 78 79 80 81 81 81 82
 83 83 84 84 85 85 86 86 87 87 87 87 87 87 88 88 89 89 90 90
 90 92 92 92 93 93 93 93 95 95 95 95 96 97 98 99 99 99 99 99

done
